<?xml version="1.0" encoding="UTF-8"?>
<!-- Generated by org.testng.reporters.JUnitReportReporter -->
<testsuite hostname="LAPTOP-9APNPGG0" failures="0" tests="1" name="testCases.TC002_LoginTest" time="1.987" errors="0" timestamp="2025-02-22T00:52:19 IST" skipped="0">
  <testcase classname="testCases.TC002_LoginTest" name="verify_login" time="1.987"/>
</testsuite> <!-- testCases.TC002_LoginTest -->
