<?xml version="1.0" encoding="UTF-8"?>
<!-- Generated by org.testng.reporters.JUnitReportReporter -->
<testsuite hostname="LAPTOP-9APNPGG0" failures="0" tests="1" name="testCases.TC001_AccountRegistrationTest" time="5.820" errors="0" timestamp="2025-03-21T03:03:25 IST" skipped="0">
  <testcase classname="testCases.TC001_AccountRegistrationTest" name="verify_account_registration" time="5.820"/>
</testsuite> <!-- testCases.TC001_AccountRegistrationTest -->
