<?xml version="1.0" encoding="UTF-8"?>
<!-- Generated by org.testng.reporters.JUnitReportReporter -->
<testsuite hostname="LAPTOP-9APNPGG0" failures="0" tests="1" name="testCases.TC004_AddProductToCart" time="1.106" errors="0" timestamp="2025-03-21T03:03:25 IST" skipped="0">
  <testcase classname="testCases.TC004_AddProductToCart" name="addProductToCart" time="1.106"/>
</testsuite> <!-- testCases.TC004_AddProductToCart -->
